<?xml version="1.0" encoding="UTF-8"?>
<!-- Generated by org.testng.reporters.JUnitReportReporter -->
<testsuite hostname="IN-70MYP72" name="testcases.VerifyLoginPageWithReport" tests="1" failures="0" timestamp="29 Oct 2018 17:13:15 GMT" time="21.878" errors="0">
  <testcase name="testHomePage" time="21.878" classname="testcases.VerifyLoginPageWithReport"/>
</testsuite> <!-- testcases.VerifyLoginPageWithReport -->
